The system is: Windows - 10.0.19043 - AMD64
Compiling the C compiler identification source file "CMakeCCompilerId.c" succeeded.
Compiler: C:/Program Files (x86)/Microsoft Visual Studio/2019/Community/VC/Tools/MSVC/14.29.30133/bin/Hostx64/x64/cl.exe 
Build flags: 
Id flags:  

The output was:
0
Microsoft (R) C/C++ Optimizing Compiler Version 19.29.30136 for x64
Copyright (C) Microsoft Corporation.  All rights reserved.

CMakeCCompilerId.c
Microsoft (R) Incremental Linker Version 14.29.30136.0
Copyright (C) Microsoft Corporation.  All rights reserved.

/out:CMakeCCompilerId.exe 
CMakeCCompilerId.obj 


Compilation of the C compiler identification source "CMakeCCompilerId.c" produced "CMakeCCompilerId.exe"

Compilation of the C compiler identification source "CMakeCCompilerId.c" produced "CMakeCCompilerId.obj"

The C compiler identification is MSVC, found in "C:/Users/alex/Documents/GitHub/wtk/cmake-build-debug/deps/temp/zlib/CMakeFiles/3.20.2/CompilerIdC/CMakeCCompilerId.exe"

Detecting C compiler ABI info compiled with the following output:
Change Dir: C:/Users/alex/Documents/GitHub/wtk/cmake-build-debug/deps/temp/zlib/CMakeFiles/CMakeTmp

Run Build Command(s):C:/Users/alex/Documents/Tools/ninja.exe cmTC_736d2 && [1/2] Building C object CMakeFiles\cmTC_736d2.dir\CMakeCCompilerABI.c.obj
[2/2] Linking C executable cmTC_736d2.exe



Determining if the include file sys/types.h exists passed with the following output:
Change Dir: C:/Users/alex/Documents/GitHub/wtk/cmake-build-debug/deps/temp/zlib/CMakeFiles/CMakeTmp

Run Build Command(s):C:/Users/alex/Documents/Tools/ninja.exe cmTC_cbe10 && [1/2] Building C object CMakeFiles\cmTC_cbe10.dir\CheckIncludeFile.c.obj
[2/2] Linking C executable cmTC_cbe10.exe



Determining if the include file stdint.h exists passed with the following output:
Change Dir: C:/Users/alex/Documents/GitHub/wtk/cmake-build-debug/deps/temp/zlib/CMakeFiles/CMakeTmp

Run Build Command(s):C:/Users/alex/Documents/Tools/ninja.exe cmTC_0dccd && [1/2] Building C object CMakeFiles\cmTC_0dccd.dir\CheckIncludeFile.c.obj
[2/2] Linking C executable cmTC_0dccd.exe



Determining if the include file stddef.h exists passed with the following output:
Change Dir: C:/Users/alex/Documents/GitHub/wtk/cmake-build-debug/deps/temp/zlib/CMakeFiles/CMakeTmp

Run Build Command(s):C:/Users/alex/Documents/Tools/ninja.exe cmTC_ef069 && [1/2] Building C object CMakeFiles\cmTC_ef069.dir\CheckIncludeFile.c.obj
[2/2] Linking C executable cmTC_ef069.exe



